

Processing Rails::InfoController#properties (for 127.0.0.1 at 2010-09-08 13:59:29) [GET]
  [4;36;1mSQL (0.0ms)[0m   [0;1m SELECT name
 FROM sqlite_master
 WHERE type = 'table' AND NOT name = 'sqlite_sequence'
[0m
Completed in 234ms (View: 16, DB: 0) | 200 OK [http://localhost/rails/info/properties]
  [4;36;1mSQL (0.0ms)[0m   [0;1m SELECT name
 FROM sqlite_master
 WHERE type = 'table' AND NOT name = 'sqlite_sequence'
[0m
  [4;35;1mSQL (0.0ms)[0m   [0mselect sqlite_version(*)[0m
  [4;36;1mSQL (46.9ms)[0m   [0;1mCREATE TABLE "schema_migrations" ("version" varchar(255) NOT NULL) [0m
  [4;35;1mSQL (0.0ms)[0m   [0mPRAGMA index_list("schema_migrations")[0m
  [4;36;1mSQL (62.5ms)[0m   [0;1mCREATE UNIQUE INDEX "unique_schema_migrations" ON "schema_migrations" ("version")[0m
  [4;35;1mSQL (0.0ms)[0m   [0m SELECT name
 FROM sqlite_master
 WHERE type = 'table' AND NOT name = 'sqlite_sequence'
[0m
  [4;36;1mSQL (0.0ms)[0m   [0;1m SELECT name
 FROM sqlite_master
 WHERE type = 'table' AND NOT name = 'sqlite_sequence'
[0m
  [4;35;1mSQL (0.0ms)[0m   [0mSELECT version FROM schema_migrations[0m
  [4;36;1mSQL (0.0ms)[0m   [0;1m SELECT name
 FROM sqlite_master
 WHERE type = 'table' AND NOT name = 'sqlite_sequence'
[0m


Processing Rails::InfoController#properties (for 127.0.0.1 at 2010-09-08 14:06:09) [GET]
  [4;36;1mSQL (0.0ms)[0m   [0;1m SELECT name
 FROM sqlite_master
 WHERE type = 'table' AND NOT name = 'sqlite_sequence'
[0m
  [4;35;1mSQL (0.0ms)[0m   [0mSELECT version FROM schema_migrations[0m
Completed in 172ms (View: 16, DB: 0) | 200 OK [http://localhost/rails/info/properties]
  [4;36;1mSQL (47.3ms)[0m   [0;1m SELECT name
 FROM sqlite_master
 WHERE type = 'table' AND NOT name = 'sqlite_sequence'
[0m
  [4;35;1mSQL (0.0ms)[0m   [0mSELECT version FROM schema_migrations[0m
Migrating to CreateUsers (20100908122048)
  [4;36;1mSQL (0.0ms)[0m   [0;1mselect sqlite_version(*)[0m
  [4;36;1mSQL (0.0ms)[0m   [0;1m SELECT name
 FROM sqlite_master
 WHERE type = 'table' AND NOT name = 'sqlite_sequence'
[0m
  [4;35;1mSQL (0.0ms)[0m   [0mSELECT version FROM schema_migrations[0m
Migrating to CreateUsers (20100908122048)
  [4;36;1mSQL (0.0ms)[0m   [0;1mselect sqlite_version(*)[0m
  [4;36;1mSQL (0.0ms)[0m   [0;1m SELECT name
 FROM sqlite_master
 WHERE type = 'table' AND NOT name = 'sqlite_sequence'
[0m
  [4;35;1mSQL (0.0ms)[0m   [0mSELECT version FROM schema_migrations[0m
Migrating to CreateUsers (20100908122510)
  [4;36;1mSQL (0.0ms)[0m   [0;1mselect sqlite_version(*)[0m
  [4;35;1mSQL (0.0ms)[0m   [0mCREATE TABLE "users" ("id" INTEGER PRIMARY KEY AUTOINCREMENT NOT NULL, "name" varchar(255), "email" varchar(255), "created_at" datetime, "updated_at" datetime) [0m
  [4;36;1mSQL (0.0ms)[0m   [0;1mINSERT INTO schema_migrations (version) VALUES ('20100908122510')[0m
  [4;35;1mSQL (0.0ms)[0m   [0m SELECT name
 FROM sqlite_master
 WHERE type = 'table' AND NOT name = 'sqlite_sequence'
[0m
  [4;36;1mSQL (0.0ms)[0m   [0;1mSELECT version FROM schema_migrations[0m
  [4;35;1mSQL (0.0ms)[0m   [0m SELECT name
 FROM sqlite_master
 WHERE type = 'table' AND NOT name = 'sqlite_sequence'
[0m
  [4;36;1mSQL (0.0ms)[0m   [0;1mPRAGMA index_list("users")[0m


Processing Rails::InfoController#properties (for 127.0.0.1 at 2010-09-08 14:28:28) [GET]
  [4;36;1mSQL (0.0ms)[0m   [0;1m SELECT name
 FROM sqlite_master
 WHERE type = 'table' AND NOT name = 'sqlite_sequence'
[0m
  [4;35;1mSQL (0.0ms)[0m   [0mSELECT version FROM schema_migrations[0m
Completed in 141ms (View: 16, DB: 0) | 200 OK [http://localhost/rails/info/properties]


Processing UsersController#index (for 127.0.0.1 at 2010-09-08 14:28:39) [GET]
  [4;36;1mUser Load (0.0ms)[0m   [0;1mSELECT * FROM "users" [0m
Rendering template within layouts/users
Rendering users/index
Completed in 782ms (View: 767, DB: 0) | 200 OK [http://localhost/users/]


Processing UsersController#new (for 127.0.0.1 at 2010-09-08 14:28:49) [GET]
Rendering template within layouts/users
Rendering users/new
Completed in 63ms (View: 47, DB: 0) | 200 OK [http://localhost/users/new]


Processing UsersController#create (for 127.0.0.1 at 2010-09-08 14:28:54) [POST]
  Parameters: {"commit"=>"Create", "authenticity_token"=>"TI0RPZrGJZWZCpWkHXbWAyTXd7qHxRGwvI3LS9i63Ss=", "user"=>{"name"=>"adri", "email"=>"1"}}
  [4;35;1mUser Create (15.6ms)[0m   [0mINSERT INTO "users" ("name", "created_at", "updated_at", "email") VALUES('adri', '2010-09-08 12:28:54', '2010-09-08 12:28:54', '1')[0m
Redirected to http://localhost:3000/users/1
Completed in 125ms (DB: 16) | 302 Found [http://localhost/users]


Processing UsersController#show (for 127.0.0.1 at 2010-09-08 14:28:54) [GET]
  Parameters: {"id"=>"1"}
  [4;36;1mUser Load (0.0ms)[0m   [0;1mSELECT * FROM "users" WHERE ("users"."id" = 1) [0m
Rendering template within layouts/users
Rendering users/show
Completed in 188ms (View: 31, DB: 0) | 200 OK [http://localhost/users/1]


Processing UsersController#index (for 127.0.0.1 at 2010-09-08 14:28:57) [GET]
  [4;35;1mUser Load (0.0ms)[0m   [0mSELECT * FROM "users" [0m
Rendering template within layouts/users
Rendering users/index
Completed in 31ms (View: 16, DB: 0) | 200 OK [http://localhost/users]


Processing UsersController#new (for 127.0.0.1 at 2010-09-08 14:28:58) [GET]
Rendering template within layouts/users
Rendering users/new
Completed in 47ms (View: 31, DB: 0) | 200 OK [http://localhost/users/new]


Processing UsersController#create (for 127.0.0.1 at 2010-09-08 14:29:02) [POST]
  Parameters: {"commit"=>"Create", "authenticity_token"=>"TI0RPZrGJZWZCpWkHXbWAyTXd7qHxRGwvI3LS9i63Ss=", "user"=>{"name"=>"pablo", "email"=>"2"}}
  [4;36;1mUser Create (0.0ms)[0m   [0;1mINSERT INTO "users" ("name", "created_at", "updated_at", "email") VALUES('pablo', '2010-09-08 12:29:02', '2010-09-08 12:29:02', '2')[0m
Redirected to http://localhost:3000/users/2
Completed in 110ms (DB: 0) | 302 Found [http://localhost/users]


Processing UsersController#show (for 127.0.0.1 at 2010-09-08 14:29:02) [GET]
  Parameters: {"id"=>"2"}
  [4;35;1mUser Load (0.0ms)[0m   [0mSELECT * FROM "users" WHERE ("users"."id" = 2) [0m
Rendering template within layouts/users
Rendering users/show
Completed in 31ms (View: 16, DB: 0) | 200 OK [http://localhost/users/2]


Processing UsersController#index (for 127.0.0.1 at 2010-09-08 14:29:03) [GET]
  [4;36;1mUser Load (0.0ms)[0m   [0;1mSELECT * FROM "users" [0m
Rendering template within layouts/users
Rendering users/index
Completed in 47ms (View: 31, DB: 0) | 200 OK [http://localhost/users]


Processing UsersController#new (for 127.0.0.1 at 2010-09-08 14:29:04) [GET]
Rendering template within layouts/users
Rendering users/new
Completed in 78ms (View: 47, DB: 0) | 200 OK [http://localhost/users/new]


Processing UsersController#create (for 127.0.0.1 at 2010-09-08 14:29:10) [POST]
  Parameters: {"commit"=>"Create", "authenticity_token"=>"TI0RPZrGJZWZCpWkHXbWAyTXd7qHxRGwvI3LS9i63Ss=", "user"=>{"name"=>"pedro", "email"=>"12"}}
  [4;35;1mUser Create (0.0ms)[0m   [0mINSERT INTO "users" ("name", "created_at", "updated_at", "email") VALUES('pedro', '2010-09-08 12:29:11', '2010-09-08 12:29:11', '12')[0m
Redirected to http://localhost:3000/users/3
Completed in 172ms (DB: 0) | 302 Found [http://localhost/users]


Processing UsersController#show (for 127.0.0.1 at 2010-09-08 14:29:11) [GET]
  Parameters: {"id"=>"3"}
  [4;36;1mUser Load (0.0ms)[0m   [0;1mSELECT * FROM "users" WHERE ("users"."id" = 3) [0m
Rendering template within layouts/users
Rendering users/show
Completed in 63ms (View: 16, DB: 0) | 200 OK [http://localhost/users/3]


Processing UsersController#index (for 127.0.0.1 at 2010-09-08 14:29:13) [GET]
  [4;35;1mUser Load (0.0ms)[0m   [0mSELECT * FROM "users" [0m
Rendering template within layouts/users
Rendering users/index
Completed in 63ms (View: 31, DB: 0) | 200 OK [http://localhost/users]


Processing UsersController#new (for 127.0.0.1 at 2010-09-08 14:29:15) [GET]
Rendering template within layouts/users
Rendering users/new
Completed in 78ms (View: 31, DB: 0) | 200 OK [http://localhost/users/new]


Processing UsersController#create (for 127.0.0.1 at 2010-09-08 14:29:24) [POST]
  Parameters: {"commit"=>"Create", "authenticity_token"=>"TI0RPZrGJZWZCpWkHXbWAyTXd7qHxRGwvI3LS9i63Ss=", "user"=>{"name"=>"pipin ", "email"=>"4"}}
  [4;36;1mUser Create (0.0ms)[0m   [0;1mINSERT INTO "users" ("name", "created_at", "updated_at", "email") VALUES('pipin ', '2010-09-08 12:29:24', '2010-09-08 12:29:24', '4')[0m
Redirected to http://localhost:3000/users/4
Completed in 125ms (DB: 0) | 302 Found [http://localhost/users]


Processing UsersController#show (for 127.0.0.1 at 2010-09-08 14:29:24) [GET]
  Parameters: {"id"=>"4"}
  [4;35;1mUser Load (0.0ms)[0m   [0mSELECT * FROM "users" WHERE ("users"."id" = 4) [0m
Rendering template within layouts/users
Rendering users/show
Completed in 31ms (View: 16, DB: 0) | 200 OK [http://localhost/users/4]


Processing UsersController#index (for 127.0.0.1 at 2010-09-08 14:29:25) [GET]
  [4;36;1mUser Load (0.0ms)[0m   [0;1mSELECT * FROM "users" [0m
Rendering template within layouts/users
Rendering users/index
Completed in 47ms (View: 31, DB: 0) | 200 OK [http://localhost/users]


Processing UsersController#new (for 127.0.0.1 at 2010-09-08 14:29:27) [GET]
Rendering template within layouts/users
Rendering users/new
Completed in 47ms (View: 16, DB: 0) | 200 OK [http://localhost/users/new]


Processing UsersController#create (for 127.0.0.1 at 2010-09-08 14:29:39) [POST]
  Parameters: {"commit"=>"Create", "authenticity_token"=>"TI0RPZrGJZWZCpWkHXbWAyTXd7qHxRGwvI3LS9i63Ss=", "user"=>{"name"=>"poleo", "email"=>"5"}}
  [4;35;1mUser Create (15.6ms)[0m   [0mINSERT INTO "users" ("name", "created_at", "updated_at", "email") VALUES('poleo', '2010-09-08 12:29:39', '2010-09-08 12:29:39', '5')[0m
Redirected to http://localhost:3000/users/5
Completed in 110ms (DB: 16) | 302 Found [http://localhost/users]


Processing UsersController#show (for 127.0.0.1 at 2010-09-08 14:29:39) [GET]
  Parameters: {"id"=>"5"}
  [4;36;1mUser Load (0.0ms)[0m   [0;1mSELECT * FROM "users" WHERE ("users"."id" = 5) [0m
Rendering template within layouts/users
Rendering users/show
Completed in 31ms (View: 0, DB: 0) | 200 OK [http://localhost/users/5]


Processing UsersController#index (for 127.0.0.1 at 2010-09-08 14:29:40) [GET]
  [4;35;1mUser Load (0.0ms)[0m   [0mSELECT * FROM "users" [0m
Rendering template within layouts/users
Rendering users/index
Completed in 63ms (View: 47, DB: 0) | 200 OK [http://localhost/users]
  [4;36;1mUser Load (0.0ms)[0m   [0;1mSELECT * FROM "users" LIMIT 1[0m
  [4;35;1mUser Load (0.0ms)[0m   [0mSELECT * FROM "users" LIMIT 1[0m
  [4;36;1mMicropost Load (0.0ms)[0m   [0;1mSQLite3::SQLException: no such table: microposts: SELECT * FROM "microposts" WHERE ("microposts".user_id = 1) [0m


Processing MicropostsController#index (for 127.0.0.1 at 2010-09-08 14:37:49) [GET]
  [4;36;1mMicropost Load (0.0ms)[0m   [0;1mSQLite3::SQLException: no such table: microposts: SELECT * FROM "microposts" [0m

ActiveRecord::StatementInvalid (SQLite3::SQLException: no such table: microposts: SELECT * FROM "microposts" ):
  app/controllers/microposts_controller.rb:5:in `index'
  c:/Ruby187/lib/ruby/1.8/webrick/httpserver.rb:104:in `service'
  c:/Ruby187/lib/ruby/1.8/webrick/httpserver.rb:65:in `run'
  c:/Ruby187/lib/ruby/1.8/webrick/server.rb:173:in `start_thread'
  c:/Ruby187/lib/ruby/1.8/webrick/server.rb:162:in `start'
  c:/Ruby187/lib/ruby/1.8/webrick/server.rb:162:in `start_thread'
  c:/Ruby187/lib/ruby/1.8/webrick/server.rb:95:in `start'
  c:/Ruby187/lib/ruby/1.8/webrick/server.rb:92:in `each'
  c:/Ruby187/lib/ruby/1.8/webrick/server.rb:92:in `start'
  c:/Ruby187/lib/ruby/1.8/webrick/server.rb:23:in `start'
  c:/Ruby187/lib/ruby/1.8/webrick/server.rb:82:in `start'

Rendered rescues/_trace (109.4ms)
Rendered rescues/_request_and_response (15.6ms)
Rendering rescues/layout (internal_server_error)


Processing ApplicationController#index (for 127.0.0.1 at 2010-09-08 14:38:00) [GET]

ActionController::RoutingError (No route matches "/micropost/" with {:method=>:get}):
  c:/Ruby187/lib/ruby/1.8/webrick/httpserver.rb:104:in `service'
  c:/Ruby187/lib/ruby/1.8/webrick/httpserver.rb:65:in `run'
  c:/Ruby187/lib/ruby/1.8/webrick/server.rb:173:in `start_thread'
  c:/Ruby187/lib/ruby/1.8/webrick/server.rb:162:in `start'
  c:/Ruby187/lib/ruby/1.8/webrick/server.rb:162:in `start_thread'
  c:/Ruby187/lib/ruby/1.8/webrick/server.rb:95:in `start'
  c:/Ruby187/lib/ruby/1.8/webrick/server.rb:92:in `each'
  c:/Ruby187/lib/ruby/1.8/webrick/server.rb:92:in `start'
  c:/Ruby187/lib/ruby/1.8/webrick/server.rb:23:in `start'
  c:/Ruby187/lib/ruby/1.8/webrick/server.rb:82:in `start'

Rendering rescues/layout (not_found)
  [4;36;1mSQL (0.0ms)[0m   [0;1m SELECT name
 FROM sqlite_master
 WHERE type = 'table' AND NOT name = 'sqlite_sequence'
[0m
  [4;35;1mSQL (0.0ms)[0m   [0mSELECT version FROM schema_migrations[0m
Migrating to CreateUsers (20100908122510)
Migrating to CreateMicroposts (20100908123153)
  [4;36;1mSQL (0.0ms)[0m   [0;1mselect sqlite_version(*)[0m
  [4;35;1mSQL (0.0ms)[0m   [0mCREATE TABLE "microposts" ("id" INTEGER PRIMARY KEY AUTOINCREMENT NOT NULL, "content" varchar(255), "user_id" integer, "created_at" datetime, "updated_at" datetime) [0m
  [4;36;1mSQL (0.0ms)[0m   [0;1mINSERT INTO schema_migrations (version) VALUES ('20100908123153')[0m
  [4;35;1mSQL (0.0ms)[0m   [0m SELECT name
 FROM sqlite_master
 WHERE type = 'table' AND NOT name = 'sqlite_sequence'
[0m
  [4;36;1mSQL (0.0ms)[0m   [0;1mSELECT version FROM schema_migrations[0m
  [4;35;1mSQL (0.0ms)[0m   [0m SELECT name
 FROM sqlite_master
 WHERE type = 'table' AND NOT name = 'sqlite_sequence'
[0m
  [4;36;1mSQL (0.0ms)[0m   [0;1mPRAGMA index_list("microposts")[0m
  [4;35;1mSQL (0.0ms)[0m   [0mPRAGMA index_list("users")[0m


Processing ApplicationController#index (for 127.0.0.1 at 2010-09-08 14:39:24) [GET]

ActionController::RoutingError (No route matches "/micropost/" with {:method=>:get}):
  c:/Ruby187/lib/ruby/1.8/webrick/httpserver.rb:104:in `service'
  c:/Ruby187/lib/ruby/1.8/webrick/httpserver.rb:65:in `run'
  c:/Ruby187/lib/ruby/1.8/webrick/server.rb:173:in `start_thread'
  c:/Ruby187/lib/ruby/1.8/webrick/server.rb:162:in `start'
  c:/Ruby187/lib/ruby/1.8/webrick/server.rb:162:in `start_thread'
  c:/Ruby187/lib/ruby/1.8/webrick/server.rb:95:in `start'
  c:/Ruby187/lib/ruby/1.8/webrick/server.rb:92:in `each'
  c:/Ruby187/lib/ruby/1.8/webrick/server.rb:92:in `start'
  c:/Ruby187/lib/ruby/1.8/webrick/server.rb:23:in `start'
  c:/Ruby187/lib/ruby/1.8/webrick/server.rb:82:in `start'

Rendering rescues/layout (not_found)


Processing ApplicationController#index (for 127.0.0.1 at 2010-09-08 14:41:35) [GET]

ActionController::RoutingError (No route matches "/micropost/" with {:method=>:get}):
  c:/Ruby187/lib/ruby/1.8/webrick/httpserver.rb:104:in `service'
  c:/Ruby187/lib/ruby/1.8/webrick/httpserver.rb:65:in `run'
  c:/Ruby187/lib/ruby/1.8/webrick/server.rb:173:in `start_thread'
  c:/Ruby187/lib/ruby/1.8/webrick/server.rb:162:in `start'
  c:/Ruby187/lib/ruby/1.8/webrick/server.rb:162:in `start_thread'
  c:/Ruby187/lib/ruby/1.8/webrick/server.rb:95:in `start'
  c:/Ruby187/lib/ruby/1.8/webrick/server.rb:92:in `each'
  c:/Ruby187/lib/ruby/1.8/webrick/server.rb:92:in `start'
  c:/Ruby187/lib/ruby/1.8/webrick/server.rb:23:in `start'
  c:/Ruby187/lib/ruby/1.8/webrick/server.rb:82:in `start'

Rendering rescues/layout (not_found)


Processing MicropostsController#index (for 127.0.0.1 at 2010-09-08 14:41:42) [GET]
  [4;36;1mMicropost Load (0.0ms)[0m   [0;1mSELECT * FROM "microposts" [0m
Rendering template within layouts/microposts
Rendering microposts/index
Completed in 94ms (View: 47, DB: 0) | 200 OK [http://localhost/microposts/]


Processing MicropostsController#new (for 127.0.0.1 at 2010-09-08 14:41:45) [GET]
Rendering template within layouts/microposts
Rendering microposts/new
Completed in 63ms (View: 47, DB: 0) | 200 OK [http://localhost/microposts/new]


Processing MicropostsController#create (for 127.0.0.1 at 2010-09-08 14:41:49) [POST]
  Parameters: {"commit"=>"Create", "micropost"=>{"user_id"=>"1", "content"=>"aaa"}, "authenticity_token"=>"TI0RPZrGJZWZCpWkHXbWAyTXd7qHxRGwvI3LS9i63Ss="}
  [4;35;1mMicropost Create (0.0ms)[0m   [0mINSERT INTO "microposts" ("created_at", "updated_at", "user_id", "content") VALUES('2010-09-08 12:41:49', '2010-09-08 12:41:49', 1, 'aaa')[0m
Redirected to http://localhost:3000/microposts/1
Completed in 219ms (DB: 0) | 302 Found [http://localhost/microposts]


Processing MicropostsController#show (for 127.0.0.1 at 2010-09-08 14:41:49) [GET]
  Parameters: {"id"=>"1"}
  [4;36;1mMicropost Load (0.0ms)[0m   [0;1mSELECT * FROM "microposts" WHERE ("microposts"."id" = 1) [0m
Rendering template within layouts/microposts
Rendering microposts/show
Completed in 47ms (View: 31, DB: 0) | 200 OK [http://localhost/microposts/1]


Processing MicropostsController#index (for 127.0.0.1 at 2010-09-08 14:41:51) [GET]
  [4;35;1mMicropost Load (0.0ms)[0m   [0mSELECT * FROM "microposts" [0m
Rendering template within layouts/microposts
Rendering microposts/index
Completed in 31ms (View: 16, DB: 0) | 200 OK [http://localhost/microposts]


Processing MicropostsController#new (for 127.0.0.1 at 2010-09-08 14:41:52) [GET]
Rendering template within layouts/microposts
Rendering microposts/new
Completed in 47ms (View: 31, DB: 0) | 200 OK [http://localhost/microposts/new]


Processing MicropostsController#create (for 127.0.0.1 at 2010-09-08 14:41:57) [POST]
  Parameters: {"commit"=>"Create", "micropost"=>{"user_id"=>"1", "content"=>"aaa2"}, "authenticity_token"=>"TI0RPZrGJZWZCpWkHXbWAyTXd7qHxRGwvI3LS9i63Ss="}
  [4;36;1mMicropost Create (0.0ms)[0m   [0;1mINSERT INTO "microposts" ("created_at", "updated_at", "user_id", "content") VALUES('2010-09-08 12:41:57', '2010-09-08 12:41:57', 1, 'aaa2')[0m
Redirected to http://localhost:3000/microposts/2
Completed in 109ms (DB: 0) | 302 Found [http://localhost/microposts]


Processing MicropostsController#show (for 127.0.0.1 at 2010-09-08 14:41:57) [GET]
  Parameters: {"id"=>"2"}
  [4;35;1mMicropost Load (0.0ms)[0m   [0mSELECT * FROM "microposts" WHERE ("microposts"."id" = 2) [0m
Rendering template within layouts/microposts
Rendering microposts/show
Completed in 47ms (View: 16, DB: 0) | 200 OK [http://localhost/microposts/2]


Processing MicropostsController#index (for 127.0.0.1 at 2010-09-08 14:41:58) [GET]
  [4;36;1mMicropost Load (0.0ms)[0m   [0;1mSELECT * FROM "microposts" [0m
Rendering template within layouts/microposts
Rendering microposts/index
Completed in 47ms (View: 31, DB: 0) | 200 OK [http://localhost/microposts]


Processing MicropostsController#new (for 127.0.0.1 at 2010-09-08 14:41:59) [GET]
Rendering template within layouts/microposts
Rendering microposts/new
Completed in 234ms (View: 47, DB: 0) | 200 OK [http://localhost/microposts/new]


Processing MicropostsController#create (for 127.0.0.1 at 2010-09-08 14:42:02) [POST]
  Parameters: {"commit"=>"Create", "micropost"=>{"user_id"=>"221", "content"=>"bbb"}, "authenticity_token"=>"TI0RPZrGJZWZCpWkHXbWAyTXd7qHxRGwvI3LS9i63Ss="}
  [4;35;1mMicropost Create (0.0ms)[0m   [0mINSERT INTO "microposts" ("created_at", "updated_at", "user_id", "content") VALUES('2010-09-08 12:42:02', '2010-09-08 12:42:02', 221, 'bbb')[0m
Redirected to http://localhost:3000/microposts/3
Completed in 109ms (DB: 0) | 302 Found [http://localhost/microposts]


Processing MicropostsController#show (for 127.0.0.1 at 2010-09-08 14:42:03) [GET]
  Parameters: {"id"=>"3"}
  [4;36;1mMicropost Load (0.0ms)[0m   [0;1mSELECT * FROM "microposts" WHERE ("microposts"."id" = 3) [0m
Rendering template within layouts/microposts
Rendering microposts/show
Completed in 47ms (View: 16, DB: 0) | 200 OK [http://localhost/microposts/3]


Processing MicropostsController#edit (for 127.0.0.1 at 2010-09-08 14:42:04) [GET]
  Parameters: {"id"=>"3"}
  [4;35;1mMicropost Load (0.0ms)[0m   [0mSELECT * FROM "microposts" WHERE ("microposts"."id" = 3) [0m
Rendering template within layouts/microposts
Rendering microposts/edit
Completed in 219ms (View: 188, DB: 0) | 200 OK [http://localhost/microposts/3/edit]


Processing MicropostsController#update (for 127.0.0.1 at 2010-09-08 14:42:06) [PUT]
  Parameters: {"commit"=>"Update", "micropost"=>{"user_id"=>"2", "content"=>"bbb"}, "authenticity_token"=>"TI0RPZrGJZWZCpWkHXbWAyTXd7qHxRGwvI3LS9i63Ss=", "id"=>"3"}
  [4;36;1mMicropost Load (0.0ms)[0m   [0;1mSELECT * FROM "microposts" WHERE ("microposts"."id" = 3) [0m
  [4;35;1mMicropost Update (0.0ms)[0m   [0mUPDATE "microposts" SET "updated_at" = '2010-09-08 12:42:06', "user_id" = 2 WHERE "id" = 3[0m
Redirected to http://localhost:3000/microposts/3
Completed in 109ms (DB: 0) | 302 Found [http://localhost/microposts/3]


Processing MicropostsController#show (for 127.0.0.1 at 2010-09-08 14:42:06) [GET]
  Parameters: {"id"=>"3"}
  [4;36;1mMicropost Load (0.0ms)[0m   [0;1mSELECT * FROM "microposts" WHERE ("microposts"."id" = 3) [0m
Rendering template within layouts/microposts
Rendering microposts/show
Completed in 31ms (View: 16, DB: 0) | 200 OK [http://localhost/microposts/3]


Processing MicropostsController#edit (for 127.0.0.1 at 2010-09-08 14:42:11) [GET]
  Parameters: {"id"=>"3"}
  [4;35;1mMicropost Load (0.0ms)[0m   [0mSELECT * FROM "microposts" WHERE ("microposts"."id" = 3) [0m
Rendering template within layouts/microposts
Rendering microposts/edit
Completed in 63ms (View: 31, DB: 0) | 200 OK [http://localhost/microposts/3/edit]


Processing MicropostsController#index (for 127.0.0.1 at 2010-09-08 14:42:12) [GET]
  [4;36;1mMicropost Load (0.0ms)[0m   [0;1mSELECT * FROM "microposts" [0m
Rendering template within layouts/microposts
Rendering microposts/index
Completed in 47ms (View: 31, DB: 0) | 200 OK [http://localhost/microposts]


Processing MicropostsController#new (for 127.0.0.1 at 2010-09-08 14:42:13) [GET]
Rendering template within layouts/microposts
Rendering microposts/new
Completed in 63ms (View: 31, DB: 0) | 200 OK [http://localhost/microposts/new]
  [4;36;1mUser Load (0.0ms)[0m   [0;1mSELECT * FROM "users" LIMIT 1[0m
  [4;35;1mMicropost Load (0.0ms)[0m   [0mSELECT * FROM "microposts" WHERE ("microposts".user_id = 1) [0m
